c:\users\nividia\source\repos\roach\roach\release\roach.pch
c:\users\nividia\source\repos\roach\roach\release\vc141.pdb
c:\users\nividia\source\repos\roach\roach\release\stdafx.obj
c:\users\nividia\source\repos\roach\roach\release\lparser.obj
c:\users\nividia\source\repos\roach\roach\release\loslib.obj
c:\users\nividia\source\repos\roach\roach\release\lopcodes.obj
c:\users\nividia\source\repos\roach\roach\release\lobject.obj
c:\users\nividia\source\repos\roach\roach\release\loadlib.obj
c:\users\nividia\source\repos\roach\roach\release\lmem.obj
c:\users\nividia\source\repos\roach\roach\release\lmathlib.obj
c:\users\nividia\source\repos\roach\roach\release\llex.obj
c:\users\nividia\source\repos\roach\roach\release\liolib.obj
c:\users\nividia\source\repos\roach\roach\release\linit.obj
c:\users\nividia\source\repos\roach\roach\release\lgc.obj
c:\users\nividia\source\repos\roach\roach\release\lfunc.obj
c:\users\nividia\source\repos\roach\roach\release\ldump.obj
c:\users\nividia\source\repos\roach\roach\release\ldo.obj
c:\users\nividia\source\repos\roach\roach\release\ldebug.obj
c:\users\nividia\source\repos\roach\roach\release\ldblib.obj
c:\users\nividia\source\repos\roach\roach\release\lcode.obj
c:\users\nividia\source\repos\roach\roach\release\lbaselib.obj
c:\users\nividia\source\repos\roach\roach\release\lauxlib.obj
c:\users\nividia\source\repos\roach\roach\release\lapi.obj
c:\users\nividia\source\repos\roach\roach\release\lzio.obj
c:\users\nividia\source\repos\roach\roach\release\lvm.obj
c:\users\nividia\source\repos\roach\roach\release\lundump.obj
c:\users\nividia\source\repos\roach\roach\release\ltm.obj
c:\users\nividia\source\repos\roach\roach\release\ltablib.obj
c:\users\nividia\source\repos\roach\roach\release\ltable.obj
c:\users\nividia\source\repos\roach\roach\release\lstrlib.obj
c:\users\nividia\source\repos\roach\roach\release\lstring.obj
c:\users\nividia\source\repos\roach\roach\release\lstate.obj
c:\users\nividia\source\repos\roach\roach\release\hax.obj
c:\users\nividia\source\repos\roach\roach\release\dllmain.obj
c:\users\nividia\source\repos\roach\roach\release\roach.obj
c:\users\nividia\source\repos\roach\roach\release\utilely.obj
c:\users\nividia\source\repos\roach\roach\release\elyform.obj
c:\users\nividia\source\repos\roach\release\roach.dll
c:\users\nividia\source\repos\roach\release\roach.pdb
c:\users\nividia\source\repos\roach\release\roach.ipdb
c:\users\nividia\source\repos\roach\release\roach.iobj
c:\users\nividia\source\repos\roach\roach\release\roach.tlog\cl.command.1.tlog
c:\users\nividia\source\repos\roach\roach\release\roach.tlog\cl.read.1.tlog
c:\users\nividia\source\repos\roach\roach\release\roach.tlog\cl.write.1.tlog
c:\users\nividia\source\repos\roach\roach\release\roach.tlog\link.command.1.tlog
c:\users\nividia\source\repos\roach\roach\release\roach.tlog\link.read.1.tlog
c:\users\nividia\source\repos\roach\roach\release\roach.tlog\link.write.1.tlog
c:\users\nividia\source\repos\roach\roach\release\roach.tlog\roach.write.1u.tlog
